#######################################################################################
# log primitive debug message of FSDB dumping                                         #
# This is for R&D to analyze when there are issues happening when FSDB dump           #
#######################################################################################
ANF: vcsd_get_serial_mode_status('simv: undefined symbol: vcsd_get_serial_mode_status')
ANF: vcsd_enable_sva_success_callback('simv: undefined symbol: vcsd_enable_sva_success_callback')
ANF: vcsd_disable_sva_success_callback('simv: undefined symbol: vcsd_disable_sva_success_callback')
ANF: vcsd_get_power_scope_name('simv: undefined symbol: vcsd_get_power_scope_name')
ANF: vcsd_dump_var_vpdg('simv: undefined symbol: vcsd_dump_var_vpdg')
ANF: vcsd_begin_no_value_var_info('simv: undefined symbol: vcsd_begin_no_value_var_info')
ANF: vcsd_end_no_value_var_info('simv: undefined symbol: vcsd_end_no_value_var_info')
ANF: vcsd_remove_xprop_merge_mode_callback('simv: undefined symbol: vcsd_remove_xprop_merge_mode_callback')
ANF: vhpi_get_cb_info('simv: undefined symbol: vhpi_get_cb_info')
ANF: vhpi_free_handle('simv: undefined symbol: vhpi_free_handle')
ANF: vhpi_fetch_vcsd_handle('simv: undefined symbol: vhpi_fetch_vcsd_handle')
ANF: vhpi_fetch_vpi_handle('simv: undefined symbol: vhpi_fetch_vpi_handle')
ANF: vhpi_has_verilog_parent('simv: undefined symbol: vhpi_has_verilog_parent')
ANF: vhpi_is_verilog_scope('simv: undefined symbol: vhpi_is_verilog_scope')
ANF: scsd_xprop_is_enabled('simv: undefined symbol: scsd_xprop_is_enabled')
ANF: scsd_xprop_sig_is_promoted('simv: undefined symbol: scsd_xprop_sig_is_promoted')
ANF: scsd_xprop_int_xvalue('simv: undefined symbol: scsd_xprop_int_xvalue')
ANF: scsd_xprop_bool_xvalue('simv: undefined symbol: scsd_xprop_bool_xvalue')
ANF: scsd_xprop_enum_xvalue('simv: undefined symbol: scsd_xprop_enum_xvalue')
ANF: scsd_xprop_register_merge_mode_cb('simv: undefined symbol: scsd_xprop_register_merge_mode_cb')
ANF: scsd_xprop_delete_merge_mode_cb('simv: undefined symbol: scsd_xprop_delete_merge_mode_cb')
ANF: scsd_xprop_get_merge_mode('simv: undefined symbol: scsd_xprop_get_merge_mode')
ANF: scsd_thread_get_info('simv: undefined symbol: scsd_thread_get_info')
ANF: scsd_thread_vc_init('simv: undefined symbol: scsd_thread_vc_init')
ANF: scsd_master_set_delta_sync_cbk('simv: undefined symbol: scsd_master_set_delta_sync_cbk')
ANF: scsd_fgp_get_fsdb_cores('simv: undefined symbol: scsd_fgp_get_fsdb_cores')
ANF: scsd_fgp_get_is_cpu_affinity_disabled('simv: undefined symbol: scsd_fgp_get_is_cpu_affinity_disabled')
ANF: vdi_dt_get_vlog_variant_size_array_info('simv: undefined symbol: vdi_dt_get_vlog_variant_size_array_info')
ANF: vdi_flat_node_get_total_bit_size('simv: undefined symbol: vdi_flat_node_get_total_bit_size')
ANF: vdi_is_applylearn_flow('simv: undefined symbol: vdi_is_applylearn_flow')
ANF: vhdi_dt_get_type('simv: undefined symbol: vhdi_dt_get_type')
ANF: vhdi_dt_get_key('simv: undefined symbol: vhdi_dt_get_key')
ANF: vhdi_dt_get_vhdl_enum_info('simv: undefined symbol: vhdi_dt_get_vhdl_enum_info')
ANF: vhdi_dt_get_vhdl_physical_info('simv: undefined symbol: vhdi_dt_get_vhdl_physical_info')
ANF: vhdi_dt_get_vhdl_array_info('simv: undefined symbol: vhdi_dt_get_vhdl_array_info')
ANF: vhdi_dt_get_vhdl_record_info('simv: undefined symbol: vhdi_dt_get_vhdl_record_info')
ANF: vhdi_dt_get_vhdl_integer_range_info('simv: undefined symbol: vhdi_dt_get_vhdl_integer_range_info')
ANF: vhdi_def_traverse_module('simv: undefined symbol: vhdi_def_traverse_module')
ANF: vhdi_def_traverse_scope('simv: undefined symbol: vhdi_def_traverse_scope')
ANF: vhdi_def_traverse_variable('simv: undefined symbol: vhdi_def_traverse_variable')
ANF: vhdi_def_get_module_id_by_vhpi('simv: undefined symbol: vhdi_def_get_module_id_by_vhpi')
ANF: vhdi_def_get_handle_by_module_id('simv: undefined symbol: vhdi_def_get_handle_by_module_id')
ANF: vhdi_def_get_variable_info_by_vhpi('simv: undefined symbol: vhdi_def_get_variable_info_by_vhpi')
ANF: vhdi_def_free('simv: undefined symbol: vhdi_def_free')
ANF: vhdi_ist_traverse_scope('simv: undefined symbol: vhdi_ist_traverse_scope')
ANF: vhdi_ist_traverse_variable('simv: undefined symbol: vhdi_ist_traverse_variable')
ANF: vhdi_ist_convert_by_vhpi('simv: undefined symbol: vhdi_ist_convert_by_vhpi')
ANF: vhdi_ist_clone('simv: undefined symbol: vhdi_ist_clone')
ANF: vhdi_ist_free('simv: undefined symbol: vhdi_ist_free')
ANF: vhdi_ist_hash_key('simv: undefined symbol: vhdi_ist_hash_key')
ANF: vhdi_ist_compare('simv: undefined symbol: vhdi_ist_compare')
ANF: vhdi_ist_get_value_addr('simv: undefined symbol: vhdi_ist_get_value_addr')
ANF: vhdi_set_scsd_callback('simv: undefined symbol: vhdi_set_scsd_callback')
ANF: vhdi_cbk_set_force_callback('simv: undefined symbol: vhdi_cbk_set_force_callback')
ANF: vhdi_trigger_init_force('simv: undefined symbol: vhdi_trigger_init_force')
ANF: vhdi_ist_check_scsd_callback('simv: undefined symbol: vhdi_ist_check_scsd_callback')
ANF: vhdi_ist_add_scsd_callback('simv: undefined symbol: vhdi_ist_add_scsd_callback')
ANF: vhdi_ist_remove_scsd_callback('simv: undefined symbol: vhdi_ist_remove_scsd_callback')
ANF: vhdi_ist_get_scsd_user_data('simv: undefined symbol: vhdi_ist_get_scsd_user_data')
ANF: vhdi_add_time_change_callback('simv: undefined symbol: vhdi_add_time_change_callback')
ANF: vhdi_get_real_value_by_value_addr('simv: undefined symbol: vhdi_get_real_value_by_value_addr')
ANF: vhdi_get_64_value_by_value_addr('simv: undefined symbol: vhdi_get_64_value_by_value_addr')
ANF: vhdi_xprop_inst_is_promoted('simv: undefined symbol: vhdi_xprop_inst_is_promoted')
ANF: vdi_ist_convert_by_vhdi('simv: undefined symbol: vdi_ist_convert_by_vhdi')
ANF: vhdi_ist_get_module_id('simv: undefined symbol: vhdi_ist_get_module_id')
ANF: vhdi_refine_foreign_scope_type('simv: undefined symbol: vhdi_refine_foreign_scope_type')
ANF: vhdi_flush_callback('simv: undefined symbol: vhdi_flush_callback')
ANF: vhdi_set_orig_name('simv: undefined symbol: vhdi_set_orig_name')
ANF: vhdi_set_dump_pt('simv: undefined symbol: vhdi_set_dump_pt')
ANF: vhdi_set_int_subtype('simv: undefined symbol: vhdi_set_int_subtype')
ANF: vhdi_set_fixed_point('simv: undefined symbol: vhdi_set_fixed_point')
ANF: vhdi_get_fsdb_option('simv: undefined symbol: vhdi_get_fsdb_option')
ANF: vhdi_fgp_get_mode('simv: undefined symbol: vhdi_fgp_get_mode')
ANF: vhdi_node_register_composite_var('simv: undefined symbol: vhdi_node_register_composite_var')
ANF: vhdi_node_analysis('simv: undefined symbol: vhdi_node_analysis')
ANF: vhdi_node_id('simv: undefined symbol: vhdi_node_id')
ANF: vhdi_node_ist_check_scsd_callback('simv: undefined symbol: vhdi_node_ist_check_scsd_callback')
ANF: vhdi_node_ist_add_scsd_callback('simv: undefined symbol: vhdi_node_ist_add_scsd_callback')
ANF: vhdi_node_ist_get_value_addr('simv: undefined symbol: vhdi_node_ist_get_value_addr')
ANF: vhdi_enc_def_traverse_module('simv: undefined symbol: vhdi_enc_def_traverse_module')
ANF: vhdi_enc_def_traverse_scope('simv: undefined symbol: vhdi_enc_def_traverse_scope')
ANF: vhdi_enc_def_traverse_variable('simv: undefined symbol: vhdi_enc_def_traverse_variable')
ANF: vhdi_enc_ist_traverse_scope('simv: undefined symbol: vhdi_enc_ist_traverse_scope')
ANF: vhdi_enc_ist_traverse_variable('simv: undefined symbol: vhdi_enc_ist_traverse_variable')
ANF: vhdi_enc_ist_get_module_id('simv: undefined symbol: vhdi_enc_ist_get_module_id')
ANF: vhdi_enc_def_get_handle_by_module_id('simv: undefined symbol: vhdi_enc_def_get_handle_by_module_id')
VCS compile option:
 option[0]: simv
 option[1]: -l
 option[2]: simv.log
 option[3]: +UVM_OBJECTION_TRACE
 option[4]: +UVM_VERBOSITY=HIGH
 option[5]: +UVM_TESTNAME=testcase1
 option[6]: /usr/synopsys/vcs/U-2023.03-SP2/linux64/bin/vcs1
 option[7]: -Mcc=gcc
 option[8]: -Mcplusplus=g++
 option[9]: -Masflags=
 option[10]: -Mcfl= -pipe -DVCS -DUVM_DPI_DO_TYPE_CHECK -fPIC -O -I/usr/synopsys/vcs/U-2023.03-SP2/include 
 option[11]: -Mxllcflags=
 option[12]: -Mxcflags= -pipe -DVCS -DUVM_DPI_DO_TYPE_CHECK -fPIC -I/usr/synopsys/vcs/U-2023.03-SP2/include
 option[13]: -Mldflags= -rdynamic 
 option[14]: -Mout=simv
 option[15]: -Mamsrun=
 option[16]: -Mvcsaceobjs=
 option[17]: -Mobjects= /usr/synopsys/vcs/U-2023.03-SP2/linux64/lib/libvirsim.so /usr/synopsys/vcs/U-2023.03-SP2/linux64/lib/liberrorinf.so /usr/synopsys/vcs/U-2023.03-SP2/linux64/lib/libsnpsmalloc.so /usr/synopsys/vcs/U-2023.03-SP2/linux64/lib/libvfs.so 
 option[18]: -Mexternalobj=
 option[19]: -Msaverestoreobj=/usr/synopsys/vcs/U-2023.03-SP2/linux64/lib/vcs_save_restore_new.o
 option[20]: -Mcrt0=
 option[21]: -Mcrtn=
 option[22]: -Mcsrc=/usr/synopsys/vcs/U-2023.03-SP2/etc/uvm-1.1/dpi/uvm_dpi.cc /usr/synopsys/vcs/U-2023.03-SP2/etc/uvm-1.1/verdi/dpi/uvm_verdi_dpi.cpp 
 option[23]: -Msyslibs=/usr/synopsys/verdi/U-2023.03-SP2-2/share/PLI/VCS/LINUX64/pli.a -ldl 
 option[24]: -l
 option[25]: vcs.log
 option[26]: +define+UVM_VERDI_VIF_RECORD
 option[27]: +define+UVM_VCS_RECORD
 option[28]: +incdir+/usr/synopsys/vcs/U-2023.03-SP2/etc/uvm-1.1/vcs
 option[29]: /usr/synopsys/vcs/U-2023.03-SP2/etc/uvm-1.1/uvm_pkg.sv
 option[30]: /usr/synopsys/vcs/U-2023.03-SP2/etc/uvm-1.1/vcs/uvm_custom_install_vcs_recorder.sv
 option[31]: +incdir+/usr/synopsys/vcs/U-2023.03-SP2/etc/uvm-1.1/verdi
 option[32]: /usr/synopsys/vcs/U-2023.03-SP2/etc/uvm-1.1/verdi/uvm_custom_install_verdi_recorder.sv
 option[33]: -full64
 option[34]: -ntb_opts
 option[35]: uvm-1.1
 option[36]: +incdir+/usr/synopsys/vcs/U-2023.03-SP2/etc/uvm-1.1/
 option[37]: -debug_access+all
 option[38]: +vpi
 option[39]: +vcsd1
 option[40]: +itf+/usr/synopsys/vcs/U-2023.03-SP2/linux64/lib/vcsdp_lite.tab
 option[41]: -kdb
 option[42]: -Xufe=2steps
 option[43]: -picarchive
 option[44]: -P
 option[45]: /usr/synopsys/verdi/U-2023.03-SP2-2/share/PLI/VCS/LINUX64/verdi.tab
 option[46]: -fsdb
 option[47]: -sverilog
 option[48]: -gen_obj
 option[49]: intf_simple_bus.sv
 option[50]: simple_bus.v
 option[51]: prog.sv
 option[52]: top.v
 option[53]: +define+UVM_DIRECTC_OPTS
 option[54]: -load
 option[55]: /usr/synopsys/verdi/U-2023.03-SP2-2/share/PLI/VCS/LINUX64/libnovas.so:FSDBDumpCmd
Chronologic Simulation VCS Release U-2023.03-SP2_Full64
Linux 3.10.0-1160.105.1.el7.x86_64 #1 SMP Mon Nov 6 06:58:51 EST 2023 x86_64
CPU cores: 8
Limit information:
======================================
cputime		unlimited
filesize		unlimited
datasize		unlimited
stacksize		8307 kbytes
coredumpsize		0 kbytes
memoryuse		unlimited
vmemoryuse		unlimited
descriptors		4096
memorylocked		64 kbytes
maxproc		4096
======================================
(Special)Runtime environment variables:

Runtime environment variables:
XDG_SESSION_ID=30417
HOSTNAME=VLSI04.ucsc-extension.edu
SYNOPSYS_TMAX=/usr/synopsys/syn/U-2022.12-SP7-1/
SELINUX_ROLE_REQUESTED=
SHELL=/bin/bash
TERM=xterm-256color
JASPERPATH=/usr/cadence/JASPER/bin
HISTSIZE=1000
SKIP_CDS_DIALOG=
SSH_CLIENT=172.17.17.167 64308 22
SIGRITYHOME=/usr/cadence/SIGRITY20211
SELINUX_USE_CURRENT_RANGE=
QTDIR=/usr/lib64/qt-3.3
MVSHOME=/usr/cadence/MVS211
QTINC=/usr/lib64/qt-3.3/include
SSH_TTY=/dev/pts/48
Formality_ESP=/usr/synopsys/esp/U-2022.12-SP5-2/
QT_GRAPHICSSYSTEM_CHECKED=1
USER=sf10274
LS_COLORS=rs=0:di=38;5;27:ln=38;5;51:mh=44;38;5;15:pi=40;38;5;11:so=38;5;13:do=38;5;5:bd=48;5;232;38;5;11:cd=48;5;232;38;5;3:or=48;5;232;38;5;9:mi=05;48;5;232;38;5;15:su=48;5;196;38;5;15:sg=48;5;11;38;5;16:ca=48;5;196;38;5;226:tw=48;5;10;38;5;16:ow=48;5;10;38;5;21:st=48;5;21;38;5;15:ex=38;5;34:*.tar=38;5;9:*.tgz=38;5;9:*.arc=38;5;9:*.arj=38;5;9:*.taz=38;5;9:*.lha=38;5;9:*.lz4=38;5;9:*.lzh=38;5;9:*.lzma=38;5;9:*.tlz=38;5;9:*.txz=38;5;9:*.tzo=38;5;9:*.t7z=38;5;9:*.zip=38;5;9:*.z=38;5;9:*.Z=38;5;9:*.dz=38;5;9:*.gz=38;5;9:*.lrz=38;5;9:*.lz=38;5;9:*.lzo=38;5;9:*.xz=38;5;9:*.bz2=38;5;9:*.bz=38;5;9:*.tbz=38;5;9:*.tbz2=38;5;9:*.tz=38;5;9:*.deb=38;5;9:*.rpm=38;5;9:*.jar=38;5;9:*.war=38;5;9:*.ear=38;5;9:*.sar=38;5;9:*.rar=38;5;9:*.alz=38;5;9:*.ace=38;5;9:*.zoo=38;5;9:*.cpio=38;5;9:*.7z=38;5;9:*.rz=38;5;9:*.cab=38;5;9:*.jpg=38;5;13:*.jpeg=38;5;13:*.gif=38;5;13:*.bmp=38;5;13:*.pbm=38;5;13:*.pgm=38;5;13:*.ppm=38;5;13:*.tga=38;5;13:*.xbm=38;5;13:*.xpm=38;5;13:*.tif=38;5;13:*.tiff=38;5;13:*.png=38;5;13:*.svg=38;5;13:*.svgz=38;5;13:*.mng=38;5;13:*.pcx=38;5;13:*.mov=38;5;13:*.mpg=38;5;13:*.mpeg=38;5;13:*.m2v=38;5;13:*.mkv=38;5;13:*.webm=38;5;13:*.ogm=38;5;13:*.mp4=38;5;13:*.m4v=38;5;13:*.mp4v=38;5;13:*.vob=38;5;13:*.qt=38;5;13:*.nuv=38;5;13:*.wmv=38;5;13:*.asf=38;5;13:*.rm=38;5;13:*.rmvb=38;5;13:*.flc=38;5;13:*.avi=38;5;13:*.fli=38;5;13:*.flv=38;5;13:*.gl=38;5;13:*.dl=38;5;13:*.xcf=38;5;13:*.xwd=38;5;13:*.yuv=38;5;13:*.cgm=38;5;13:*.emf=38;5;13:*.axv=38;5;13:*.anx=38;5;13:*.ogv=38;5;13:*.ogx=38;5;13:*.aac=38;5;45:*.au=38;5;45:*.flac=38;5;45:*.mid=38;5;45:*.midi=38;5;45:*.mka=38;5;45:*.mp3=38;5;45:*.mpc=38;5;45:*.ogg=38;5;45:*.ra=38;5;45:*.wav=38;5;45:*.axa=38;5;45:*.oga=38;5;45:*.spx=38;5;45:*.xspf=38;5;45:
W3264_NO_HOST_CHECK=1
CDS_SITE=
INNOVUSPATH=/usr/cadence/INNOVUS191/tools/bin:/usr/cadence/INNOVUS191/tools/dfII/bin
SNPSLMD_LICENSE_FILE=27020@StudentLicenseServer.ucsc-extension.edu
SWROOT=/usr
VC_STATIC_HOME=/usr/synopsys/vc_static/U-2023.03-SP2/
PATH=/usr/synopsys/vcs/U-2023.03-SP2/bin:/usr/synopsys/verdi/U-2023.03-SP2-2/bin:/usr/lib64/qt-3.3/bin:/usr/local/bin:/usr/bin:/usr/local/sbin:/usr/sbin:/usr/cadence/XCELIUM2009/tools/bin:/usr/cadence/XCELIUM2009/tools/dfII/bin:/usr/cadence/SIGRITY20211/tools/bin:/usr/cadence/SIGRITY20211/tools/dfII/bin:/usr/cadence/MVS211/tools/bin:/usr/cadence/MVS211/tools/dfII/bin:/usr/cadence/INNOVUS191/tools/bin:/usr/cadence/INNOVUS191/tools/dfII/bin:/usr/cadence/SSV211/tools/bin:/usr/cadence/SSV211/tools/dfII/bin:/usr/cadence/JASPER/bin:/usr/synopsys/syn/U-2022.12-SP7-1//bin:/synopsys/current/customcompiler/bin:#/synopsys/current/cdesigner/bin:/synopsys/current/cscope/ai_bin:#/synopsys/current/cx/bin:#/synopsys/current/dve/bin:/synopsys/current/esp/bin:/synopsys/current/fm/bin:/synopsys/current/hspice/hspice/linux64:#/synopsys/current/icc/bin:/synopsys/current/icc2/bin:/synopsys/current/idq/linux64/iddq/bin:/synopsys/current/lc/bin:#/synopsys/current/pts/bin:/synopsys/current/prime/bin:/synopsys/current/syn/amd64/syn/bin:#/synopsys/current/tx/amd64/syn/bin:/synopsys/current/txs/bin:#/synopsys/current/vcs-mx/bin:#/synopsys/current/vera/vera_vI-2014.03-2_linux/bin:#/synopsys/current/hercules/bin/AMD.64:/synopsys/current/fpga/bin:/synopsys/current/starrc/linux64_starrc/bin:/synopsys/current/icv/bin/linux64:/synopsys/current/vcstatic/bin:/synopsys/current/wv/bin:/synopsys/current/xa/bin:/synopsys/current/vcs/bin:/synopsys/current/spyglass/bin:/synopsys/current/verdi/bin:/synopsys/current/identity/bin:/synopsys/current/nt/bin:/usr/lib64:.:/home/sf10274/.local/bin:/home/sf10274/bin
MAIL=/var/spool/mail/sf10274
SYSTEM_CDS_LIB_DIR=/cdssetup
_=./simv
VERDI_HOME=/usr/synopsys/verdi/U-2023.03-SP2-2
PWD=/home/sf10274/AlbertLand/0UVMgetinfo/VirtualSequencer
VCS_HOME=/usr/synopsys/vcs/U-2023.03-SP2
LANG=en_US.UTF-8
SIGRITYPATH=/usr/cadence/SIGRITY20211/tools/bin:/usr/cadence/SIGRITY20211/tools/dfII/bin
SSVPATH=/usr/cadence/SSV211/tools/bin:/usr/cadence/SSV211/tools/dfII/bin
SELINUX_LEVEL_REQUESTED=
LM_LICENSE_FILE=27000@license.soe.ucsc.edu
CDS_Netlisting_Mode=Analog
SYNOPSYS=/usr/synopsys/syn/U-2022.12-SP7-1/
HISTCONTROL=ignoredups
INNOVUSHOME=/usr/cadence/INNOVUS191
HOME=/home/sf10274
SHLVL=2
CDS_AUTO_64BIT=ALL
ICV_HOME_DIR=/usr/synopsys/icvalidator/U-2022.12-SP5/
CDN_SYNTH_ROOT=/usr/cadence/rc/tools.lnx86
XCELIUMPATH=/usr/cadence/XCELIUM2009/tools/bin:/usr/cadence/XCELIUM2009/tools/dfII/bin
LOGNAME=sf10274
CVS_RSH=ssh
QTLIB=/usr/lib64/qt-3.3/lib
SSH_CONNECTION=172.17.17.167 64308 10.20.250.17 22
SSVHOME=/usr/cadence/SSV211
XDG_DATA_DIRS=/home/sf10274/.local/share/flatpak/exports/share:/var/lib/flatpak/exports/share:/usr/local/share:/usr/share
CDS_LIC_FILE=27000@license.soe.ucsc.edu
LESSOPEN=||/usr/bin/lesspipe.sh %s
OA_UNSUPPORTED_PLAT=linux_rhel50_gcc48x
SYNPLIFYPRO_LICENSE_TYPE=synplifypremierdp
SKIP_CDSLIB_MANAGER=
DISPLAY=localhost:13.0
XDG_RUNTIME_DIR=/run/user/2703
XCELIUMHOME=/usr/cadence/XCELIUM2009
MVSPATH=/usr/cadence/MVS211/tools/bin:/usr/cadence/MVS211/tools/dfII/bin
VCS_PATHMAP_PRELOAD_DONE=1
VCS_STACK_EXEC=true
VCS_EXEC_DONE=1
LC_ALL=C
DVE=/usr/synopsys/vcs/U-2023.03-SP2/gui/dve
SPECMAN_OUTPUT_TO_TTY=1
FLEXLM_BORROWFILE=/home/sf10274/.VLSI04.ucsc-extension.edu-borrow.txt
Runtime command line arguments:
argv[0]=simv
argv[1]=-l
argv[2]=simv.log
argv[3]=+UVM_OBJECTION_TRACE
argv[4]=+UVM_VERBOSITY=HIGH
argv[5]=+UVM_TESTNAME=testcase1
243 profile - 100
          CPU/Mem usage: 0.070 sys,  0.340 user,  305.70M mem
244 Elapsed time:    0:00:01    Sun Jun 16 11:53:50 2024
245 User CPU time used: 0 seconds
246 System CPU time used: 0 seconds
247 pliAppInit
248 [SC]Init: MemoryConsumed=0.00MB ElapsedTime=0hour 0min. 0sec.
249 FSDB_GATE is set.
250 FSDB_RTL is set.
251 FSDB_ALIAS_ARRAY_ELEM is set to 4294967295.
252 Enable Parallel Dumping.
253 pliAppMiscSet: New Sim Round
254 pliEntryInit
255 LIBSSCORE=found /usr/synopsys/verdi/U-2023.03-SP2-2/share/PLI/lib/LINUXAMD64/libsscore_vcs202303.so through $NOVAS_HOME setting.
256 FSDB Dumper for VCS, Release Verdi_U-2023.03-SP2-2, Linux x86_64/64bit, 11/22/2023
257 (C) 1996 - 2023 by Synopsys, Inc.
258 DVDI_is_vir_unload_enabled is enable
259 FSDB_VCS_ENABLE_NATIVE_VC is enable
260 sps_call_fsdbDumpvars_vd_main at 0 : top.v(18)
261 *Verdi* FSDB WARNING: The FSDB file already exists. Overwriting the FSDB file may crash the programs that are using this file.
262 *Verdi* : Create FSDB file 'novas.fsdb'
263 [spi_vcs_vd_ppi_create_root]: no upf option
264 compile option from '/home/sf10274/AlbertLand/0UVMgetinfo/VirtualSequencer/simv.daidir/vcs_rebuild'.
265   "vcs '-l' 'vcs.log' '-full64' '-sverilog' '-ntb_opts' 'uvm-1.1' '-debug_access+all' '-kdb' 'intf_simple_bus.sv' 'simple_bus.v' 'prog.sv' 'top.v' 2>&1"
266 *Verdi* : Begin traversing the scopes, layer (0).
267 *Verdi* : End of traversing.
268 pliAppHDL_DumpVarComplete traverse var: profile - 
          CPU/Mem usage: 0.080 sys,  0.370 user,  405.43M mem
                   incr: 0.000 sys,  0.030 user,  8.00M mem
                   accu: 0.000 sys,  0.030 user,  8.00M mem
              accu incr: 0.000 sys,  0.030 user,  8.00M mem

          Count usage: 52 var,  53 idcode,  49 callback
                 incr: 52 var,  53 idcode,  49 callback
                 accu: 52 var,  53 idcode,  49 callback
            accu incr: 52 var,  53 idcode,  49 callback
269 Elapsed time:    0:00:01    Sun Jun 16 11:53:50 2024
270 User CPU time used: 0 seconds
271 System CPU time used: 0 seconds
272 pliAppHDL_DumpVarComplete: profile - 
          CPU/Mem usage: 0.080 sys,  0.370 user,  406.48M mem
                   incr: 0.000 sys,  0.000 user,  1.05M mem
                   accu: 0.000 sys,  0.030 user,  9.05M mem
              accu incr: 0.000 sys,  0.000 user,  1.05M mem

          Count usage: 52 var,  53 idcode,  49 callback
                 incr: 0 var,  0 idcode,  0 callback
                 accu: 52 var,  53 idcode,  49 callback
            accu incr: 0 var,  0 idcode,  0 callback
273 Elapsed time:    0:00:01    Sun Jun 16 11:53:50 2024
274 User CPU time used: 0 seconds
275 System CPU time used: 0 seconds
276 End of simulation at 2150
277 Memory usage: 407.818 M
278 Maximum resident set size: 108 MB
279 Hard page faults: 0
280 Soft page faults: 40578
281 Elapsed time:    0:00:01    Sun Jun 16 11:53:50 2024
282 User CPU time used: 0 seconds
283 System CPU time used: 0 seconds
284 Begin FSDB profile info:
285 FSDB Writer : bc1(890) bcn(62) mtf/stf(0/0)
FSDB Writer elapsed time : flush(0.077663) io wait(0.000000) theadpool wait(0.000000)
FSDB Writer cpu time : MT Compression : 0
286 End FSDB profile info
287 FSDB closed. Name: novas.fsdb Size: 12876
288 Parallel profile     - ProducerThread:1 ConsumerThread:1 Buffer:64MB
289                      - BlockUsed:1 Acquire:0 BufferUsed:16571
290                      - Flush:2 Expand:0 ProducerWait:0 ConsumerWait:0
291                      - MainProducerTime:0.501721511 TotalConsumerTime:0.000000000
292                      - ElapsedTime:1.136261000
293 Producer   0 profile - BlockUsed:2 Acquire:0 BufferUsed:16571
294 Consumer   0 profile - Affinity:-1 CPUTime:0.000000000 LifeTime:0.000000000 (-nan%)
295                      - BlockUsed:2 Acquire:0 BufferUsed:16571
296 SimExit
297 Elapsed time:    0:00:02    Sun Jun 16 11:53:51 2024
298 User CPU time used: 0 seconds
299 System CPU time used: 0 seconds
300 Sim process exit
