Command: /home/sf10274/AlbertLand/0UVMgetinfo/VirtualSequencer/./simv -l simv.log +UVM_OBJECTION_TRACE +UVM_VERBOSITY=HIGH +UVM_TESTNAME=testcase1
Chronologic VCS simulator copyright 1991-2023
Contains Synopsys proprietary information.
Compiler version U-2023.03-SP2_Full64; Runtime version U-2023.03-SP2_Full64;  Jun 16 11:53 2024
----------------------------------------------------------------
UVM-1.1d.Synopsys
(C) 2007-2013 Mentor Graphics Corporation
(C) 2007-2013 Cadence Design Systems, Inc.
(C) 2006-2013 Synopsys, Inc.
(C) 2011-2013 Cypress Semiconductor Corp.
----------------------------------------------------------------

  ***********       IMPORTANT RELEASE NOTES         ************

  You are using a version of the UVM library that has been compiled
  with `UVM_NO_DEPRECATED undefined.
  See http://www.eda.org/svdb/view.php?id=3313 for more details.

  You are using a version of the UVM library that has been compiled
  with `UVM_OBJECT_MUST_HAVE_CONSTRUCTOR undefined.
  See http://www.eda.org/svdb/view.php?id=3770 for more details.

      (Specify +UVM_NO_RELNOTES to turn off this notice)

*Verdi* Loading libsscore_vcs202303.so
FSDB Dumper for VCS, Release Verdi_U-2023.03-SP2-2, Linux x86_64/64bit, 11/22/2023
(C) 1996 - 2023 by Synopsys, Inc.
*Verdi* FSDB WARNING: The FSDB file already exists. Overwriting the FSDB file may crash the programs that are using this file.
*Verdi* : Create FSDB file 'novas.fsdb'
*Verdi* : Begin traversing the scopes, layer (0).
*Verdi* : End of traversing.
UVM_INFO @ 0: reporter [RNTST] Running test testcase1...
UVM_INFO drv_rst.sv(17) @ 0: uvm_test_top.env_0.agent_rst_0.drv_rst_0 [RST Driver] About to drive
UVM_INFO virtual_sequence.sv(24) @ 0: uvm_test_top.v_seqr_0@@virtual_sequence [XAC] pre_start
UVM_INFO @ 0: reset_objection [OBJTN_TRC] Object uvm_test_top.v_seqr_0.virtual_sequence raised 1 objection(s): count=1  total=1
UVM_INFO @ 0: reset_objection [OBJTN_TRC] Object uvm_test_top.v_seqr_0 added 1 objection(s) to its total (raised from source object ): count=0  total=1
UVM_INFO @ 0: reset_objection [OBJTN_TRC] Object uvm_test_top added 1 objection(s) to its total (raised from source object uvm_test_top.v_seqr_0.virtual_sequence): count=0  total=1
UVM_INFO @ 0: reset_objection [OBJTN_TRC] Object uvm_top added 1 objection(s) to its total (raised from source object uvm_test_top.v_seqr_0.virtual_sequence): count=0  total=1
UVM_INFO seq_rst.sv(12) @ 0: uvm_test_top.env_0.agent_rst_0.seqr_rst_0@@virtual_sequence.seq_rst_0 [XAC] in rst sequence sequence body
UVM_INFO drv_rst.sv(21) @ 0: uvm_test_top.env_0.agent_rst_0.drv_rst_0 [RST Driver] waiting for clk
UVM_INFO drv_rst.sv(23) @ 5: uvm_test_top.env_0.agent_rst_0.drv_rst_0 [RST Driver] got clk
UVM_INFO drv_rst.sv(28) @ 20: uvm_test_top.env_0.agent_rst_0.drv_rst_0 [RST Driving!] -----------------------------------------------------------------------------------------------
Name                           Type      Size  Value                                           
-----------------------------------------------------------------------------------------------
req                            rst       -     @973                                            
  rst_                         integral  1     'h0                                             
  rst_time                     integral  32    'h3                                             
  begin_time                   time      64    0                                               
  depth                        int       32    'd3                                             
  parent sequence (name)       string    9     seq_rst_0                                       
  parent sequence (full name)  string    48    uvm_test_top.v_seqr_0.virtual_sequence.seq_rst_0
  sequencer                    string    41    uvm_test_top.env_0.agent_rst_0.seqr_rst_0       
-----------------------------------------------------------------------------------------------

UVM_INFO drv_rst.sv(21) @ 20: uvm_test_top.env_0.agent_rst_0.drv_rst_0 [RST Driver] waiting for clk
UVM_INFO drv_rst.sv(23) @ 25: uvm_test_top.env_0.agent_rst_0.drv_rst_0 [RST Driver] got clk
UVM_INFO drv_rst.sv(28) @ 525: uvm_test_top.env_0.agent_rst_0.drv_rst_0 [RST Driving!] -----------------------------------------------------------------------------------------------
Name                           Type      Size  Value                                           
-----------------------------------------------------------------------------------------------
req                            rst       -     @978                                            
  rst_                         integral  1     'h1                                             
  rst_time                     integral  32    'h64                                            
  begin_time                   time      64    20                                              
  depth                        int       32    'd3                                             
  parent sequence (name)       string    9     seq_rst_0                                       
  parent sequence (full name)  string    48    uvm_test_top.v_seqr_0.virtual_sequence.seq_rst_0
  sequencer                    string    41    uvm_test_top.env_0.agent_rst_0.seqr_rst_0       
-----------------------------------------------------------------------------------------------

UVM_INFO seq_pkt.sv(11) @ 1025: uvm_test_top.env_0.agent_pkt_0.seqr_pkt_0@@virtual_sequence.seq_pkt_0 [XAC] in sequence body creating 
UVM_INFO drv_pkt.sv(19) @ 1025: uvm_test_top.env_0.agent_pkt_0.drv_pkt_0 [CMD Driver] waiting for clk , consumed 
UVM_INFO drv_pkt.sv(22) @ 1035: uvm_test_top.env_0.agent_pkt_0.drv_pkt_0 [CMD Driver] got clk and driving cmd and data to interface
UVM_INFO drv_pkt.sv(26) @ 1035: uvm_test_top.env_0.agent_pkt_0.drv_pkt_0 [CMD Driver] waiting for clk #2
UVM_INFO drv_pkt.sv(28) @ 1075: uvm_test_top.env_0.agent_pkt_0.drv_pkt_0 [CMD Driving!] -----------------------------------------------------------------------------------------------
Name                           Type      Size  Value                                           
-----------------------------------------------------------------------------------------------
req                            pkt       -     @987                                            
  saddr                        integral  16    'h1111                                          
  daddr                        integral  16    'h378                                           
  cmd                          integral  4     'hd                                             
  rw_                          integral  1     'h0                                             
  rst                          integral  1     'h1                                             
  rst_time                     integral  32    'hbced564d                                      
  begin_time                   time      64    1025                                            
  depth                        int       32    'd3                                             
  parent sequence (name)       string    9     seq_pkt_0                                       
  parent sequence (full name)  string    48    uvm_test_top.v_seqr_0.virtual_sequence.seq_pkt_0
  sequencer                    string    41    uvm_test_top.env_0.agent_pkt_0.seqr_pkt_0       
-----------------------------------------------------------------------------------------------

UVM_INFO drv_pkt.sv(19) @ 1075: uvm_test_top.env_0.agent_pkt_0.drv_pkt_0 [CMD Driver] waiting for clk , consumed 
UVM_INFO drv_pkt.sv(22) @ 1085: uvm_test_top.env_0.agent_pkt_0.drv_pkt_0 [CMD Driver] got clk and driving cmd and data to interface
UVM_INFO drv_pkt.sv(26) @ 1085: uvm_test_top.env_0.agent_pkt_0.drv_pkt_0 [CMD Driver] waiting for clk #2
UVM_INFO drv_pkt.sv(28) @ 1125: uvm_test_top.env_0.agent_pkt_0.drv_pkt_0 [CMD Driving!] -----------------------------------------------------------------------------------------------
Name                           Type      Size  Value                                           
-----------------------------------------------------------------------------------------------
req                            pkt       -     @992                                            
  saddr                        integral  16    'h1111                                          
  daddr                        integral  16    'h378                                           
  cmd                          integral  4     'h9                                             
  rw_                          integral  1     'h1                                             
  rst                          integral  1     'h0                                             
  rst_time                     integral  32    'h34d82c6c                                      
  begin_time                   time      64    1075                                            
  depth                        int       32    'd3                                             
  parent sequence (name)       string    9     seq_pkt_0                                       
  parent sequence (full name)  string    48    uvm_test_top.v_seqr_0.virtual_sequence.seq_pkt_0
  sequencer                    string    41    uvm_test_top.env_0.agent_pkt_0.seqr_pkt_0       
-----------------------------------------------------------------------------------------------

UVM_INFO seq_pkt.sv(14) @ 1125: uvm_test_top.env_0.agent_pkt_0.seqr_pkt_0@@virtual_sequence.seq_pkt_0 [XAC] in sequence body, after 1st uvm_do_with 
UVM_INFO drv_pkt.sv(19) @ 1125: uvm_test_top.env_0.agent_pkt_0.drv_pkt_0 [CMD Driver] waiting for clk , consumed 
UVM_INFO drv_pkt.sv(22) @ 1135: uvm_test_top.env_0.agent_pkt_0.drv_pkt_0 [CMD Driver] got clk and driving cmd and data to interface
UVM_INFO drv_pkt.sv(26) @ 1135: uvm_test_top.env_0.agent_pkt_0.drv_pkt_0 [CMD Driver] waiting for clk #2
UVM_INFO drv_pkt.sv(28) @ 1175: uvm_test_top.env_0.agent_pkt_0.drv_pkt_0 [CMD Driving!] -----------------------------------------------------------------------------------------------
Name                           Type      Size  Value                                           
-----------------------------------------------------------------------------------------------
req                            pkt       -     @996                                            
  saddr                        integral  16    'h2222                                          
  daddr                        integral  16    'h378                                           
  cmd                          integral  4     'h3                                             
  rw_                          integral  1     'h0                                             
  rst                          integral  1     'h1                                             
  rst_time                     integral  32    'h1fdcc05b                                      
  begin_time                   time      64    1125                                            
  depth                        int       32    'd3                                             
  parent sequence (name)       string    9     seq_pkt_0                                       
  parent sequence (full name)  string    48    uvm_test_top.v_seqr_0.virtual_sequence.seq_pkt_0
  sequencer                    string    41    uvm_test_top.env_0.agent_pkt_0.seqr_pkt_0       
-----------------------------------------------------------------------------------------------

UVM_INFO drv_pkt.sv(19) @ 1175: uvm_test_top.env_0.agent_pkt_0.drv_pkt_0 [CMD Driver] waiting for clk , consumed 
UVM_INFO drv_pkt.sv(22) @ 1185: uvm_test_top.env_0.agent_pkt_0.drv_pkt_0 [CMD Driver] got clk and driving cmd and data to interface
UVM_INFO drv_pkt.sv(26) @ 1185: uvm_test_top.env_0.agent_pkt_0.drv_pkt_0 [CMD Driver] waiting for clk #2
UVM_INFO drv_pkt.sv(28) @ 1225: uvm_test_top.env_0.agent_pkt_0.drv_pkt_0 [CMD Driving!] -----------------------------------------------------------------------------------------------
Name                           Type      Size  Value                                           
-----------------------------------------------------------------------------------------------
req                            pkt       -     @1000                                           
  saddr                        integral  16    'h3333                                          
  daddr                        integral  16    'h378                                           
  cmd                          integral  4     'ha                                             
  rw_                          integral  1     'h0                                             
  rst                          integral  1     'h1                                             
  rst_time                     integral  32    'h1d2b1f64                                      
  begin_time                   time      64    1175                                            
  depth                        int       32    'd3                                             
  parent sequence (name)       string    9     seq_pkt_0                                       
  parent sequence (full name)  string    48    uvm_test_top.v_seqr_0.virtual_sequence.seq_pkt_0
  sequencer                    string    41    uvm_test_top.env_0.agent_pkt_0.seqr_pkt_0       
-----------------------------------------------------------------------------------------------

UVM_INFO drv_pkt.sv(19) @ 1225: uvm_test_top.env_0.agent_pkt_0.drv_pkt_0 [CMD Driver] waiting for clk , consumed 
UVM_INFO drv_pkt.sv(22) @ 1235: uvm_test_top.env_0.agent_pkt_0.drv_pkt_0 [CMD Driver] got clk and driving cmd and data to interface
UVM_INFO drv_pkt.sv(26) @ 1235: uvm_test_top.env_0.agent_pkt_0.drv_pkt_0 [CMD Driver] waiting for clk #2
UVM_INFO drv_pkt.sv(28) @ 1275: uvm_test_top.env_0.agent_pkt_0.drv_pkt_0 [CMD Driving!] -----------------------------------------------------------------------------------------------
Name                           Type      Size  Value                                           
-----------------------------------------------------------------------------------------------
req                            pkt       -     @1004                                           
  saddr                        integral  16    'h4444                                          
  daddr                        integral  16    'h378                                           
  cmd                          integral  4     'ha                                             
  rw_                          integral  1     'h0                                             
  rst                          integral  1     'h1                                             
  rst_time                     integral  32    'h5091f386                                      
  begin_time                   time      64    1225                                            
  depth                        int       32    'd3                                             
  parent sequence (name)       string    9     seq_pkt_0                                       
  parent sequence (full name)  string    48    uvm_test_top.v_seqr_0.virtual_sequence.seq_pkt_0
  sequencer                    string    41    uvm_test_top.env_0.agent_pkt_0.seqr_pkt_0       
-----------------------------------------------------------------------------------------------

UVM_INFO drv_pkt.sv(19) @ 1275: uvm_test_top.env_0.agent_pkt_0.drv_pkt_0 [CMD Driver] waiting for clk , consumed 
UVM_INFO drv_pkt.sv(22) @ 1285: uvm_test_top.env_0.agent_pkt_0.drv_pkt_0 [CMD Driver] got clk and driving cmd and data to interface
UVM_INFO drv_pkt.sv(26) @ 1285: uvm_test_top.env_0.agent_pkt_0.drv_pkt_0 [CMD Driver] waiting for clk #2
UVM_INFO drv_pkt.sv(28) @ 1325: uvm_test_top.env_0.agent_pkt_0.drv_pkt_0 [CMD Driving!] -----------------------------------------------------------------------------------------------
Name                           Type      Size  Value                                           
-----------------------------------------------------------------------------------------------
req                            pkt       -     @1008                                           
  saddr                        integral  16    'h5555                                          
  daddr                        integral  16    'h378                                           
  cmd                          integral  4     'he                                             
  rw_                          integral  1     'h1                                             
  rst                          integral  1     'h1                                             
  rst_time                     integral  32    'h12a160c5                                      
  begin_time                   time      64    1275                                            
  depth                        int       32    'd3                                             
  parent sequence (name)       string    9     seq_pkt_0                                       
  parent sequence (full name)  string    48    uvm_test_top.v_seqr_0.virtual_sequence.seq_pkt_0
  sequencer                    string    41    uvm_test_top.env_0.agent_pkt_0.seqr_pkt_0       
-----------------------------------------------------------------------------------------------

UVM_INFO virtual_sequence.sv(31) @ 1325: uvm_test_top.v_seqr_0@@virtual_sequence [XAC] post_start
UVM_INFO @ 1325: reset_objection [OBJTN_TRC] Object uvm_test_top.v_seqr_0.virtual_sequence dropped 1 objection(s): count=0  total=0
UVM_INFO @ 1325: reset_objection [OBJTN_TRC] Object uvm_test_top.v_seqr_0.virtual_sequence all_dropped 1 objection(s): count=0  total=0
UVM_INFO @ 1325: reset_objection [OBJTN_TRC] Object uvm_test_top.v_seqr_0 subtracted 1 objection(s) from its total (dropped from source object ): count=0  total=0
UVM_INFO @ 1325: reset_objection [OBJTN_TRC] Object uvm_test_top.v_seqr_0 subtracted 1 objection(s) from its total (all_dropped from source object ): count=0  total=0
UVM_INFO @ 1325: reset_objection [OBJTN_TRC] Object uvm_test_top subtracted 1 objection(s) from its total (dropped from source object uvm_test_top.v_seqr_0.virtual_sequence): count=0  total=0
UVM_INFO @ 1325: reset_objection [OBJTN_TRC] Object uvm_test_top subtracted 1 objection(s) from its total (all_dropped from source object uvm_test_top.v_seqr_0.virtual_sequence): count=0  total=0
UVM_INFO @ 1325: reset_objection [OBJTN_TRC] Object uvm_top subtracted 1 objection(s) from its total (dropped from source object uvm_test_top.v_seqr_0.virtual_sequence): count=0  total=0
UVM_INFO @ 1325: reset_objection [OBJTN_TRC] Object uvm_top subtracted 1 objection(s) from its total (all_dropped from source object uvm_test_top.v_seqr_0.virtual_sequence): count=0  total=0
UVM_INFO @ 1325: main_objection [OBJTN_TRC] Object uvm_test_top raised 1 objection(s): count=1  total=1
UVM_INFO @ 1325: main_objection [OBJTN_TRC] Object uvm_top added 1 objection(s) to its total (raised from source object uvm_test_top): count=0  total=1
UVM_INFO seq_pkt.sv(11) @ 1325: uvm_test_top.env_0.agent_pkt_0.seqr_pkt_0@@seq_pkt_0 [XAC] in sequence body creating 
UVM_INFO drv_pkt.sv(19) @ 1325: uvm_test_top.env_0.agent_pkt_0.drv_pkt_0 [CMD Driver] waiting for clk , consumed 
UVM_INFO drv_pkt.sv(22) @ 1335: uvm_test_top.env_0.agent_pkt_0.drv_pkt_0 [CMD Driver] got clk and driving cmd and data to interface
UVM_INFO drv_pkt.sv(26) @ 1335: uvm_test_top.env_0.agent_pkt_0.drv_pkt_0 [CMD Driver] waiting for clk #2
UVM_INFO drv_pkt.sv(28) @ 1375: uvm_test_top.env_0.agent_pkt_0.drv_pkt_0 [CMD Driving!] --------------------------------------------------------------------------------------------------
Name                           Type      Size  Value                                              
--------------------------------------------------------------------------------------------------
req                            pkt       -     @1049                                              
  saddr                        integral  16    'h1111                                             
  daddr                        integral  16    'h378                                              
  cmd                          integral  4     'h6                                                
  rw_                          integral  1     'h0                                                
  rst                          integral  1     'h0                                                
  rst_time                     integral  32    'hfc7fa4fa                                         
  begin_time                   time      64    1325                                               
  depth                        int       32    'd2                                                
  parent sequence (name)       string    9     seq_pkt_0                                          
  parent sequence (full name)  string    51    uvm_test_top.env_0.agent_pkt_0.seqr_pkt_0.seq_pkt_0
  sequencer                    string    41    uvm_test_top.env_0.agent_pkt_0.seqr_pkt_0          
--------------------------------------------------------------------------------------------------

UVM_INFO drv_pkt.sv(19) @ 1375: uvm_test_top.env_0.agent_pkt_0.drv_pkt_0 [CMD Driver] waiting for clk , consumed 
UVM_INFO drv_pkt.sv(22) @ 1385: uvm_test_top.env_0.agent_pkt_0.drv_pkt_0 [CMD Driver] got clk and driving cmd and data to interface
UVM_INFO drv_pkt.sv(26) @ 1385: uvm_test_top.env_0.agent_pkt_0.drv_pkt_0 [CMD Driver] waiting for clk #2
UVM_INFO drv_pkt.sv(28) @ 1425: uvm_test_top.env_0.agent_pkt_0.drv_pkt_0 [CMD Driving!] --------------------------------------------------------------------------------------------------
Name                           Type      Size  Value                                              
--------------------------------------------------------------------------------------------------
req                            pkt       -     @1053                                              
  saddr                        integral  16    'h1111                                             
  daddr                        integral  16    'h378                                              
  cmd                          integral  4     'ha                                                
  rw_                          integral  1     'h1                                                
  rst                          integral  1     'h0                                                
  rst_time                     integral  32    'h89340ecb                                         
  begin_time                   time      64    1375                                               
  depth                        int       32    'd2                                                
  parent sequence (name)       string    9     seq_pkt_0                                          
  parent sequence (full name)  string    51    uvm_test_top.env_0.agent_pkt_0.seqr_pkt_0.seq_pkt_0
  sequencer                    string    41    uvm_test_top.env_0.agent_pkt_0.seqr_pkt_0          
--------------------------------------------------------------------------------------------------

UVM_INFO seq_pkt.sv(14) @ 1425: uvm_test_top.env_0.agent_pkt_0.seqr_pkt_0@@seq_pkt_0 [XAC] in sequence body, after 1st uvm_do_with 
UVM_INFO drv_pkt.sv(19) @ 1425: uvm_test_top.env_0.agent_pkt_0.drv_pkt_0 [CMD Driver] waiting for clk , consumed 
UVM_INFO drv_pkt.sv(22) @ 1435: uvm_test_top.env_0.agent_pkt_0.drv_pkt_0 [CMD Driver] got clk and driving cmd and data to interface
UVM_INFO drv_pkt.sv(26) @ 1435: uvm_test_top.env_0.agent_pkt_0.drv_pkt_0 [CMD Driver] waiting for clk #2
UVM_INFO drv_pkt.sv(28) @ 1475: uvm_test_top.env_0.agent_pkt_0.drv_pkt_0 [CMD Driving!] --------------------------------------------------------------------------------------------------
Name                           Type      Size  Value                                              
--------------------------------------------------------------------------------------------------
req                            pkt       -     @1057                                              
  saddr                        integral  16    'h2222                                             
  daddr                        integral  16    'h378                                              
  cmd                          integral  4     'hb                                                
  rw_                          integral  1     'h1                                                
  rst                          integral  1     'h1                                                
  rst_time                     integral  32    'h58097662                                         
  begin_time                   time      64    1425                                               
  depth                        int       32    'd2                                                
  parent sequence (name)       string    9     seq_pkt_0                                          
  parent sequence (full name)  string    51    uvm_test_top.env_0.agent_pkt_0.seqr_pkt_0.seq_pkt_0
  sequencer                    string    41    uvm_test_top.env_0.agent_pkt_0.seqr_pkt_0          
--------------------------------------------------------------------------------------------------

UVM_INFO drv_pkt.sv(19) @ 1475: uvm_test_top.env_0.agent_pkt_0.drv_pkt_0 [CMD Driver] waiting for clk , consumed 
UVM_INFO drv_pkt.sv(22) @ 1485: uvm_test_top.env_0.agent_pkt_0.drv_pkt_0 [CMD Driver] got clk and driving cmd and data to interface
UVM_INFO drv_pkt.sv(26) @ 1485: uvm_test_top.env_0.agent_pkt_0.drv_pkt_0 [CMD Driver] waiting for clk #2
UVM_INFO drv_pkt.sv(28) @ 1525: uvm_test_top.env_0.agent_pkt_0.drv_pkt_0 [CMD Driving!] --------------------------------------------------------------------------------------------------
Name                           Type      Size  Value                                              
--------------------------------------------------------------------------------------------------
req                            pkt       -     @1061                                              
  saddr                        integral  16    'h3333                                             
  daddr                        integral  16    'h378                                              
  cmd                          integral  4     'h3                                                
  rw_                          integral  1     'h0                                                
  rst                          integral  1     'h1                                                
  rst_time                     integral  32    'hf920a436                                         
  begin_time                   time      64    1475                                               
  depth                        int       32    'd2                                                
  parent sequence (name)       string    9     seq_pkt_0                                          
  parent sequence (full name)  string    51    uvm_test_top.env_0.agent_pkt_0.seqr_pkt_0.seq_pkt_0
  sequencer                    string    41    uvm_test_top.env_0.agent_pkt_0.seqr_pkt_0          
--------------------------------------------------------------------------------------------------

UVM_INFO drv_pkt.sv(19) @ 1525: uvm_test_top.env_0.agent_pkt_0.drv_pkt_0 [CMD Driver] waiting for clk , consumed 
UVM_INFO drv_pkt.sv(22) @ 1535: uvm_test_top.env_0.agent_pkt_0.drv_pkt_0 [CMD Driver] got clk and driving cmd and data to interface
UVM_INFO drv_pkt.sv(26) @ 1535: uvm_test_top.env_0.agent_pkt_0.drv_pkt_0 [CMD Driver] waiting for clk #2
UVM_INFO drv_pkt.sv(28) @ 1575: uvm_test_top.env_0.agent_pkt_0.drv_pkt_0 [CMD Driving!] --------------------------------------------------------------------------------------------------
Name                           Type      Size  Value                                              
--------------------------------------------------------------------------------------------------
req                            pkt       -     @1065                                              
  saddr                        integral  16    'h4444                                             
  daddr                        integral  16    'h378                                              
  cmd                          integral  4     'hc                                                
  rw_                          integral  1     'h0                                                
  rst                          integral  1     'h0                                                
  rst_time                     integral  32    'ha1b0528f                                         
  begin_time                   time      64    1525                                               
  depth                        int       32    'd2                                                
  parent sequence (name)       string    9     seq_pkt_0                                          
  parent sequence (full name)  string    51    uvm_test_top.env_0.agent_pkt_0.seqr_pkt_0.seq_pkt_0
  sequencer                    string    41    uvm_test_top.env_0.agent_pkt_0.seqr_pkt_0          
--------------------------------------------------------------------------------------------------

UVM_INFO drv_pkt.sv(19) @ 1575: uvm_test_top.env_0.agent_pkt_0.drv_pkt_0 [CMD Driver] waiting for clk , consumed 
UVM_INFO drv_pkt.sv(22) @ 1585: uvm_test_top.env_0.agent_pkt_0.drv_pkt_0 [CMD Driver] got clk and driving cmd and data to interface
UVM_INFO drv_pkt.sv(26) @ 1585: uvm_test_top.env_0.agent_pkt_0.drv_pkt_0 [CMD Driver] waiting for clk #2
UVM_INFO drv_pkt.sv(28) @ 1625: uvm_test_top.env_0.agent_pkt_0.drv_pkt_0 [CMD Driving!] --------------------------------------------------------------------------------------------------
Name                           Type      Size  Value                                              
--------------------------------------------------------------------------------------------------
req                            pkt       -     @1069                                              
  saddr                        integral  16    'h5555                                             
  daddr                        integral  16    'h378                                              
  cmd                          integral  4     'h3                                                
  rw_                          integral  1     'h0                                                
  rst                          integral  1     'h0                                                
  rst_time                     integral  32    'h320b67cf                                         
  begin_time                   time      64    1575                                               
  depth                        int       32    'd2                                                
  parent sequence (name)       string    9     seq_pkt_0                                          
  parent sequence (full name)  string    51    uvm_test_top.env_0.agent_pkt_0.seqr_pkt_0.seq_pkt_0
  sequencer                    string    41    uvm_test_top.env_0.agent_pkt_0.seqr_pkt_0          
--------------------------------------------------------------------------------------------------

UVM_INFO seq_rst.sv(12) @ 1625: uvm_test_top.env_0.agent_rst_0.seqr_rst_0@@seq_rst_0 [XAC] in rst sequence sequence body
UVM_INFO drv_rst.sv(21) @ 1625: uvm_test_top.env_0.agent_rst_0.drv_rst_0 [RST Driver] waiting for clk
UVM_INFO drv_rst.sv(23) @ 1630: uvm_test_top.env_0.agent_rst_0.drv_rst_0 [RST Driver] got clk
UVM_INFO drv_rst.sv(28) @ 1645: uvm_test_top.env_0.agent_rst_0.drv_rst_0 [RST Driving!] --------------------------------------------------------------------------------------------------
Name                           Type      Size  Value                                              
--------------------------------------------------------------------------------------------------
req                            rst       -     @1073                                              
  rst_                         integral  1     'h0                                                
  rst_time                     integral  32    'h3                                                
  begin_time                   time      64    1625                                               
  depth                        int       32    'd2                                                
  parent sequence (name)       string    9     seq_rst_0                                          
  parent sequence (full name)  string    51    uvm_test_top.env_0.agent_rst_0.seqr_rst_0.seq_rst_0
  sequencer                    string    41    uvm_test_top.env_0.agent_rst_0.seqr_rst_0          
--------------------------------------------------------------------------------------------------

UVM_INFO drv_rst.sv(21) @ 1645: uvm_test_top.env_0.agent_rst_0.drv_rst_0 [RST Driver] waiting for clk
UVM_INFO drv_rst.sv(23) @ 1650: uvm_test_top.env_0.agent_rst_0.drv_rst_0 [RST Driver] got clk
UVM_INFO drv_rst.sv(28) @ 2150: uvm_test_top.env_0.agent_rst_0.drv_rst_0 [RST Driving!] --------------------------------------------------------------------------------------------------
Name                           Type      Size  Value                                              
--------------------------------------------------------------------------------------------------
req                            rst       -     @1077                                              
  rst_                         integral  1     'h1                                                
  rst_time                     integral  32    'h64                                               
  begin_time                   time      64    1645                                               
  depth                        int       32    'd2                                                
  parent sequence (name)       string    9     seq_rst_0                                          
  parent sequence (full name)  string    51    uvm_test_top.env_0.agent_rst_0.seqr_rst_0.seq_rst_0
  sequencer                    string    41    uvm_test_top.env_0.agent_rst_0.seqr_rst_0          
--------------------------------------------------------------------------------------------------

UVM_INFO @ 2150: main_objection [OBJTN_TRC] Object uvm_test_top dropped 1 objection(s): count=0  total=0
UVM_INFO @ 2150: main_objection [OBJTN_TRC] Object uvm_test_top all_dropped 1 objection(s): count=0  total=0
UVM_INFO @ 2150: main_objection [OBJTN_TRC] Object uvm_top subtracted 1 objection(s) from its total (dropped from source object uvm_test_top): count=0  total=0
UVM_INFO @ 2150: main_objection [OBJTN_TRC] Object uvm_top subtracted 1 objection(s) from its total (all_dropped from source object uvm_test_top): count=0  total=0

--- UVM Report Summary ---

** Report counts by severity
UVM_INFO :   88
UVM_WARNING :    0
UVM_ERROR :    0
UVM_FATAL :    0
** Report counts by id
[CMD Driver]    36
[CMD Driving!]    12
[OBJTN_TRC]    18
[RNTST]     1
[RST Driver]     9
[RST Driving!]     4
[XAC]     8
$finish called from file "/usr/synopsys/vcs/U-2023.03-SP2/etc/uvm-1.1/base/uvm_root.svh", line 437.
$finish at simulation time                 2150
           V C S   S i m u l a t i o n   R e p o r t 
Time: 2150
CPU Time:      0.500 seconds;       Data structure size:   0.6Mb
Sun Jun 16 11:53:51 2024
